[0.286s] DEBUG:colcon:Command line arguments: ['/usr/bin/colcon', 'build']
[0.286s] DEBUG:colcon:Parsed command line arguments: Namespace(log_base=None, log_level=None, verb_name='build', build_base='build', install_base='install', merge_install=False, symlink_install=False, test_result_base=None, continue_on_error=False, executor='parallel', parallel_workers=20, event_handlers=None, ignore_user_meta=False, metas=['./colcon.meta'], base_paths=['.'], packages_ignore=None, packages_ignore_regex=None, paths=None, packages_up_to=None, packages_up_to_regex=None, packages_above=None, packages_above_and_dependencies=None, packages_above_depth=None, packages_select_by_dep=None, packages_skip_by_dep=None, packages_skip_up_to=None, packages_select_build_failed=False, packages_skip_build_finished=False, packages_select_test_failures=False, packages_skip_test_passed=False, packages_select=None, packages_skip=None, packages_select_regex=None, packages_skip_regex=None, packages_start=None, packages_end=None, allow_overriding=[], cmake_args=None, cmake_target=None, cmake_target_skip_unavailable=False, cmake_clean_cache=False, cmake_clean_first=False, cmake_force_configure=False, ament_cmake_args=None, catkin_cmake_args=None, catkin_skip_building_tests=False, mixin_files=None, mixin=None, verb_parser=<colcon_mixin.mixin.mixin_argument.MixinArgumentDecorator object at 0x76e96527aad0>, verb_extension=<colcon_core.verb.build.BuildVerb object at 0x76e96527a020>, main=<bound method BuildVerb.main of <colcon_core.verb.build.BuildVerb object at 0x76e96527a020>>, mixin_verb=('build',))
[0.467s] Level 1:colcon.colcon_core.package_discovery:discover_packages(colcon_meta) check parameters
[0.467s] Level 1:colcon.colcon_core.package_discovery:discover_packages(recursive) check parameters
[0.467s] Level 1:colcon.colcon_core.package_discovery:discover_packages(ignore) check parameters
[0.467s] Level 1:colcon.colcon_core.package_discovery:discover_packages(path) check parameters
[0.467s] Level 1:colcon.colcon_core.package_discovery:discover_packages(colcon_meta) discover
[0.467s] Level 1:colcon.colcon_core.package_discovery:discover_packages(recursive) discover
[0.467s] INFO:colcon.colcon_core.package_discovery:Crawling recursively for packages in '/home/viswaa888/ldlidar_ros2_ws'
[0.467s] Level 1:colcon.colcon_core.package_identification:_identify(.) by extensions ['ignore', 'ignore_ament_install']
[0.467s] Level 1:colcon.colcon_core.package_identification:_identify(.) by extension 'ignore'
[0.467s] Level 1:colcon.colcon_core.package_identification:_identify(.) by extension 'ignore_ament_install'
[0.467s] Level 1:colcon.colcon_core.package_identification:_identify(.) by extensions ['colcon_pkg']
[0.467s] Level 1:colcon.colcon_core.package_identification:_identify(.) by extension 'colcon_pkg'
[0.467s] Level 1:colcon.colcon_core.package_identification:_identify(.) by extensions ['colcon_meta']
[0.467s] Level 1:colcon.colcon_core.package_identification:_identify(.) by extension 'colcon_meta'
[0.467s] Level 1:colcon.colcon_core.package_identification:_identify(.) by extensions ['ros']
[0.467s] Level 1:colcon.colcon_core.package_identification:_identify(.) by extension 'ros'
[0.474s] Level 1:colcon.colcon_core.package_identification:_identify(.) by extensions ['cmake', 'python']
[0.474s] Level 1:colcon.colcon_core.package_identification:_identify(.) by extension 'cmake'
[0.474s] Level 1:colcon.colcon_core.package_identification:_identify(.) by extension 'python'
[0.474s] Level 1:colcon.colcon_core.package_identification:_identify(.) by extensions ['python_setup_py']
[0.474s] Level 1:colcon.colcon_core.package_identification:_identify(.) by extension 'python_setup_py'
[0.474s] Level 1:colcon.colcon_core.package_identification:_identify(build) by extensions ['ignore', 'ignore_ament_install']
[0.474s] Level 1:colcon.colcon_core.package_identification:_identify(build) by extension 'ignore'
[0.474s] Level 1:colcon.colcon_core.package_identification:_identify(build) ignored
[0.474s] Level 1:colcon.colcon_core.package_identification:_identify(install) by extensions ['ignore', 'ignore_ament_install']
[0.475s] Level 1:colcon.colcon_core.package_identification:_identify(install) by extension 'ignore'
[0.475s] Level 1:colcon.colcon_core.package_identification:_identify(install) ignored
[0.475s] Level 1:colcon.colcon_core.package_identification:_identify(log) by extensions ['ignore', 'ignore_ament_install']
[0.475s] Level 1:colcon.colcon_core.package_identification:_identify(log) by extension 'ignore'
[0.475s] Level 1:colcon.colcon_core.package_identification:_identify(log) ignored
[0.475s] Level 1:colcon.colcon_core.package_identification:_identify(src) by extensions ['ignore', 'ignore_ament_install']
[0.475s] Level 1:colcon.colcon_core.package_identification:_identify(src) by extension 'ignore'
[0.475s] Level 1:colcon.colcon_core.package_identification:_identify(src) by extension 'ignore_ament_install'
[0.475s] Level 1:colcon.colcon_core.package_identification:_identify(src) by extensions ['colcon_pkg']
[0.475s] Level 1:colcon.colcon_core.package_identification:_identify(src) by extension 'colcon_pkg'
[0.475s] Level 1:colcon.colcon_core.package_identification:_identify(src) by extensions ['colcon_meta']
[0.475s] Level 1:colcon.colcon_core.package_identification:_identify(src) by extension 'colcon_meta'
[0.475s] Level 1:colcon.colcon_core.package_identification:_identify(src) by extensions ['ros']
[0.475s] Level 1:colcon.colcon_core.package_identification:_identify(src) by extension 'ros'
[0.475s] Level 1:colcon.colcon_core.package_identification:_identify(src) by extensions ['cmake', 'python']
[0.475s] Level 1:colcon.colcon_core.package_identification:_identify(src) by extension 'cmake'
[0.475s] Level 1:colcon.colcon_core.package_identification:_identify(src) by extension 'python'
[0.475s] Level 1:colcon.colcon_core.package_identification:_identify(src) by extensions ['python_setup_py']
[0.475s] Level 1:colcon.colcon_core.package_identification:_identify(src) by extension 'python_setup_py'
[0.475s] Level 1:colcon.colcon_core.package_identification:_identify(src/ldlidar_ros2) by extensions ['ignore', 'ignore_ament_install']
[0.475s] Level 1:colcon.colcon_core.package_identification:_identify(src/ldlidar_ros2) by extension 'ignore'
[0.475s] Level 1:colcon.colcon_core.package_identification:_identify(src/ldlidar_ros2) by extension 'ignore_ament_install'
[0.475s] Level 1:colcon.colcon_core.package_identification:_identify(src/ldlidar_ros2) by extensions ['colcon_pkg']
[0.475s] Level 1:colcon.colcon_core.package_identification:_identify(src/ldlidar_ros2) by extension 'colcon_pkg'
[0.475s] Level 1:colcon.colcon_core.package_identification:_identify(src/ldlidar_ros2) by extensions ['colcon_meta']
[0.475s] Level 1:colcon.colcon_core.package_identification:_identify(src/ldlidar_ros2) by extension 'colcon_meta'
[0.475s] Level 1:colcon.colcon_core.package_identification:_identify(src/ldlidar_ros2) by extensions ['ros']
[0.475s] Level 1:colcon.colcon_core.package_identification:_identify(src/ldlidar_ros2) by extension 'ros'
[0.478s] DEBUG:colcon.colcon_core.package_identification:Package 'src/ldlidar_ros2' with type 'ros.ament_cmake' and name 'ldlidar_ros2'
[0.478s] Level 1:colcon.colcon_core.package_discovery:discover_packages(recursive) using defaults
[0.478s] Level 1:colcon.colcon_core.package_discovery:discover_packages(ignore) discover
[0.478s] Level 1:colcon.colcon_core.package_discovery:discover_packages(ignore) using defaults
[0.478s] Level 1:colcon.colcon_core.package_discovery:discover_packages(path) discover
[0.478s] Level 1:colcon.colcon_core.package_discovery:discover_packages(path) using defaults
[0.500s] Level 1:colcon.colcon_core.package_discovery:discover_packages(prefix_path) check parameters
[0.500s] Level 1:colcon.colcon_core.package_discovery:discover_packages(prefix_path) discover
[0.502s] DEBUG:colcon.colcon_installed_package_information.package_discovery:Found 1 installed packages in /home/viswaa888/maze_robot_ws/install
[0.502s] DEBUG:colcon.colcon_installed_package_information.package_discovery:Found 1 installed packages in /home/viswaa888/ros2_ws/install
[0.503s] DEBUG:colcon.colcon_installed_package_information.package_discovery:Found 388 installed packages in /opt/ros/humble
[0.504s] Level 1:colcon.colcon_core.package_discovery:discover_packages(prefix_path) using defaults
[0.530s] Level 5:colcon.colcon_core.verb:set package 'ldlidar_ros2' build argument 'cmake_args' from command line to 'None'
[0.531s] Level 5:colcon.colcon_core.verb:set package 'ldlidar_ros2' build argument 'cmake_target' from command line to 'None'
[0.531s] Level 5:colcon.colcon_core.verb:set package 'ldlidar_ros2' build argument 'cmake_target_skip_unavailable' from command line to 'False'
[0.531s] Level 5:colcon.colcon_core.verb:set package 'ldlidar_ros2' build argument 'cmake_clean_cache' from command line to 'False'
[0.531s] Level 5:colcon.colcon_core.verb:set package 'ldlidar_ros2' build argument 'cmake_clean_first' from command line to 'False'
[0.531s] Level 5:colcon.colcon_core.verb:set package 'ldlidar_ros2' build argument 'cmake_force_configure' from command line to 'False'
[0.531s] Level 5:colcon.colcon_core.verb:set package 'ldlidar_ros2' build argument 'ament_cmake_args' from command line to 'None'
[0.531s] Level 5:colcon.colcon_core.verb:set package 'ldlidar_ros2' build argument 'catkin_cmake_args' from command line to 'None'
[0.531s] Level 5:colcon.colcon_core.verb:set package 'ldlidar_ros2' build argument 'catkin_skip_building_tests' from command line to 'False'
[0.531s] DEBUG:colcon.colcon_core.verb:Building package 'ldlidar_ros2' with the following arguments: {'ament_cmake_args': None, 'build_base': '/home/viswaa888/ldlidar_ros2_ws/build/ldlidar_ros2', 'catkin_cmake_args': None, 'catkin_skip_building_tests': False, 'cmake_args': None, 'cmake_clean_cache': False, 'cmake_clean_first': False, 'cmake_force_configure': False, 'cmake_target': None, 'cmake_target_skip_unavailable': False, 'install_base': '/home/viswaa888/ldlidar_ros2_ws/install/ldlidar_ros2', 'merge_install': False, 'path': '/home/viswaa888/ldlidar_ros2_ws/src/ldlidar_ros2', 'symlink_install': False, 'test_result_base': None}
[0.531s] INFO:colcon.colcon_core.executor:Executing jobs using 'parallel' executor
[0.531s] DEBUG:colcon.colcon_parallel_executor.executor.parallel:run_until_complete
[0.532s] INFO:colcon.colcon_ros.task.ament_cmake.build:Building ROS package in '/home/viswaa888/ldlidar_ros2_ws/src/ldlidar_ros2' with build type 'ament_cmake'
[0.532s] INFO:colcon.colcon_cmake.task.cmake.build:Building CMake package in '/home/viswaa888/ldlidar_ros2_ws/src/ldlidar_ros2'
[0.534s] INFO:colcon.colcon_core.plugin_system:Skipping extension 'colcon_core.shell.bat': Not used on non-Windows systems
[0.534s] INFO:colcon.colcon_core.shell:Skip shell extension 'powershell' for command environment: Not usable outside of PowerShell
[0.534s] DEBUG:colcon.colcon_core.shell:Skip shell extension 'dsv' for command environment
[0.543s] DEBUG:colcon.colcon_core.event_handler.log_command:Invoking command in '/home/viswaa888/ldlidar_ros2_ws/build/ldlidar_ros2': CMAKE_PREFIX_PATH=/home/viswaa888/maze_robot_ws/install/slam_robot:/home/viswaa888/ros2_ws/install/talker_listener:/opt/ros/humble /usr/bin/cmake /home/viswaa888/ldlidar_ros2_ws/src/ldlidar_ros2 -DCMAKE_INSTALL_PREFIX=/home/viswaa888/ldlidar_ros2_ws/install/ldlidar_ros2
[1.010s] DEBUG:colcon.colcon_core.event_handler.log_command:Invoked command in '/home/viswaa888/ldlidar_ros2_ws/build/ldlidar_ros2' returned '0': CMAKE_PREFIX_PATH=/home/viswaa888/maze_robot_ws/install/slam_robot:/home/viswaa888/ros2_ws/install/talker_listener:/opt/ros/humble /usr/bin/cmake /home/viswaa888/ldlidar_ros2_ws/src/ldlidar_ros2 -DCMAKE_INSTALL_PREFIX=/home/viswaa888/ldlidar_ros2_ws/install/ldlidar_ros2
[1.011s] DEBUG:colcon.colcon_core.event_handler.log_command:Invoking command in '/home/viswaa888/ldlidar_ros2_ws/build/ldlidar_ros2': CMAKE_PREFIX_PATH=/home/viswaa888/maze_robot_ws/install/slam_robot:/home/viswaa888/ros2_ws/install/talker_listener:/opt/ros/humble /usr/bin/cmake --build /home/viswaa888/ldlidar_ros2_ws/build/ldlidar_ros2 -- -j20 -l20
[1.131s] DEBUG:colcon.colcon_core.event_handler.log_command:Invoked command in '/home/viswaa888/ldlidar_ros2_ws/build/ldlidar_ros2' returned '0': CMAKE_PREFIX_PATH=/home/viswaa888/maze_robot_ws/install/slam_robot:/home/viswaa888/ros2_ws/install/talker_listener:/opt/ros/humble /usr/bin/cmake --build /home/viswaa888/ldlidar_ros2_ws/build/ldlidar_ros2 -- -j20 -l20
[1.140s] DEBUG:colcon.colcon_core.event_handler.log_command:Invoking command in '/home/viswaa888/ldlidar_ros2_ws/build/ldlidar_ros2': CMAKE_PREFIX_PATH=/home/viswaa888/maze_robot_ws/install/slam_robot:/home/viswaa888/ros2_ws/install/talker_listener:/opt/ros/humble /usr/bin/cmake --install /home/viswaa888/ldlidar_ros2_ws/build/ldlidar_ros2
[1.165s] Level 1:colcon.colcon_core.environment:create_environment_scripts_only(ldlidar_ros2)
[1.165s] DEBUG:colcon.colcon_core.event_handler.log_command:Invoked command in '/home/viswaa888/ldlidar_ros2_ws/build/ldlidar_ros2' returned '0': CMAKE_PREFIX_PATH=/home/viswaa888/maze_robot_ws/install/slam_robot:/home/viswaa888/ros2_ws/install/talker_listener:/opt/ros/humble /usr/bin/cmake --install /home/viswaa888/ldlidar_ros2_ws/build/ldlidar_ros2
[1.172s] Level 1:colcon.colcon_core.environment:checking '/home/viswaa888/ldlidar_ros2_ws/install/ldlidar_ros2' for CMake module files
[1.173s] Level 1:colcon.colcon_core.environment:checking '/home/viswaa888/ldlidar_ros2_ws/install/ldlidar_ros2' for CMake config files
[1.173s] Level 1:colcon.colcon_core.shell:create_environment_hook('ldlidar_ros2', 'cmake_prefix_path')
[1.174s] INFO:colcon.colcon_core.shell:Creating environment hook '/home/viswaa888/ldlidar_ros2_ws/install/ldlidar_ros2/share/ldlidar_ros2/hook/cmake_prefix_path.ps1'
[1.175s] INFO:colcon.colcon_core.shell:Creating environment descriptor '/home/viswaa888/ldlidar_ros2_ws/install/ldlidar_ros2/share/ldlidar_ros2/hook/cmake_prefix_path.dsv'
[1.176s] INFO:colcon.colcon_core.shell:Creating environment hook '/home/viswaa888/ldlidar_ros2_ws/install/ldlidar_ros2/share/ldlidar_ros2/hook/cmake_prefix_path.sh'
[1.178s] Level 1:colcon.colcon_core.environment:checking '/home/viswaa888/ldlidar_ros2_ws/install/ldlidar_ros2/lib'
[1.178s] Level 1:colcon.colcon_core.environment:checking '/home/viswaa888/ldlidar_ros2_ws/install/ldlidar_ros2/bin'
[1.178s] Level 1:colcon.colcon_core.environment:checking '/home/viswaa888/ldlidar_ros2_ws/install/ldlidar_ros2/lib/pkgconfig/ldlidar_ros2.pc'
[1.178s] Level 1:colcon.colcon_core.environment:checking '/home/viswaa888/ldlidar_ros2_ws/install/ldlidar_ros2/lib/python3.10/site-packages'
[1.179s] Level 1:colcon.colcon_core.environment:checking '/home/viswaa888/ldlidar_ros2_ws/install/ldlidar_ros2/bin'
[1.179s] INFO:colcon.colcon_core.shell:Creating package script '/home/viswaa888/ldlidar_ros2_ws/install/ldlidar_ros2/share/ldlidar_ros2/package.ps1'
[1.181s] INFO:colcon.colcon_core.shell:Creating package descriptor '/home/viswaa888/ldlidar_ros2_ws/install/ldlidar_ros2/share/ldlidar_ros2/package.dsv'
[1.182s] INFO:colcon.colcon_core.shell:Creating package script '/home/viswaa888/ldlidar_ros2_ws/install/ldlidar_ros2/share/ldlidar_ros2/package.sh'
[1.183s] INFO:colcon.colcon_core.shell:Creating package script '/home/viswaa888/ldlidar_ros2_ws/install/ldlidar_ros2/share/ldlidar_ros2/package.bash'
[1.185s] INFO:colcon.colcon_core.shell:Creating package script '/home/viswaa888/ldlidar_ros2_ws/install/ldlidar_ros2/share/ldlidar_ros2/package.zsh'
[1.186s] Level 1:colcon.colcon_core.environment:create_file_with_runtime_dependencies(/home/viswaa888/ldlidar_ros2_ws/install/ldlidar_ros2/share/colcon-core/packages/ldlidar_ros2)
[1.187s] Level 1:colcon.colcon_core.environment:create_environment_scripts_only(ldlidar_ros2)
[1.187s] Level 1:colcon.colcon_core.environment:checking '/home/viswaa888/ldlidar_ros2_ws/install/ldlidar_ros2' for CMake module files
[1.188s] Level 1:colcon.colcon_core.environment:checking '/home/viswaa888/ldlidar_ros2_ws/install/ldlidar_ros2' for CMake config files
[1.188s] Level 1:colcon.colcon_core.shell:create_environment_hook('ldlidar_ros2', 'cmake_prefix_path')
[1.188s] INFO:colcon.colcon_core.shell:Creating environment hook '/home/viswaa888/ldlidar_ros2_ws/install/ldlidar_ros2/share/ldlidar_ros2/hook/cmake_prefix_path.ps1'
[1.189s] INFO:colcon.colcon_core.shell:Creating environment descriptor '/home/viswaa888/ldlidar_ros2_ws/install/ldlidar_ros2/share/ldlidar_ros2/hook/cmake_prefix_path.dsv'
[1.189s] INFO:colcon.colcon_core.shell:Creating environment hook '/home/viswaa888/ldlidar_ros2_ws/install/ldlidar_ros2/share/ldlidar_ros2/hook/cmake_prefix_path.sh'
[1.190s] Level 1:colcon.colcon_core.environment:checking '/home/viswaa888/ldlidar_ros2_ws/install/ldlidar_ros2/lib'
[1.190s] Level 1:colcon.colcon_core.environment:checking '/home/viswaa888/ldlidar_ros2_ws/install/ldlidar_ros2/bin'
[1.190s] Level 1:colcon.colcon_core.environment:checking '/home/viswaa888/ldlidar_ros2_ws/install/ldlidar_ros2/lib/pkgconfig/ldlidar_ros2.pc'
[1.190s] Level 1:colcon.colcon_core.environment:checking '/home/viswaa888/ldlidar_ros2_ws/install/ldlidar_ros2/lib/python3.10/site-packages'
[1.191s] Level 1:colcon.colcon_core.environment:checking '/home/viswaa888/ldlidar_ros2_ws/install/ldlidar_ros2/bin'
[1.191s] INFO:colcon.colcon_core.shell:Creating package script '/home/viswaa888/ldlidar_ros2_ws/install/ldlidar_ros2/share/ldlidar_ros2/package.ps1'
[1.192s] INFO:colcon.colcon_core.shell:Creating package descriptor '/home/viswaa888/ldlidar_ros2_ws/install/ldlidar_ros2/share/ldlidar_ros2/package.dsv'
[1.192s] INFO:colcon.colcon_core.shell:Creating package script '/home/viswaa888/ldlidar_ros2_ws/install/ldlidar_ros2/share/ldlidar_ros2/package.sh'
[1.193s] INFO:colcon.colcon_core.shell:Creating package script '/home/viswaa888/ldlidar_ros2_ws/install/ldlidar_ros2/share/ldlidar_ros2/package.bash'
[1.193s] INFO:colcon.colcon_core.shell:Creating package script '/home/viswaa888/ldlidar_ros2_ws/install/ldlidar_ros2/share/ldlidar_ros2/package.zsh'
[1.193s] Level 1:colcon.colcon_core.environment:create_file_with_runtime_dependencies(/home/viswaa888/ldlidar_ros2_ws/install/ldlidar_ros2/share/colcon-core/packages/ldlidar_ros2)
[1.194s] DEBUG:colcon.colcon_parallel_executor.executor.parallel:closing loop
[1.194s] DEBUG:colcon.colcon_parallel_executor.executor.parallel:loop closed
[1.194s] DEBUG:colcon.colcon_parallel_executor.executor.parallel:run_until_complete finished with '0'
[1.194s] DEBUG:colcon.colcon_core.event_reactor:joining thread
[1.200s] INFO:colcon.colcon_core.plugin_system:Skipping extension 'colcon_notification.desktop_notification.terminal_notifier': Not used on non-Darwin systems
[1.200s] INFO:colcon.colcon_core.plugin_system:Skipping extension 'colcon_notification.desktop_notification.win32': Not used on non-Windows systems
[1.200s] INFO:colcon.colcon_notification.desktop_notification:Sending desktop notification using 'notify2'
[1.220s] DEBUG:colcon.colcon_core.event_reactor:joined thread
[1.220s] INFO:colcon.colcon_core.shell:Creating prefix script '/home/viswaa888/ldlidar_ros2_ws/install/local_setup.ps1'
[1.221s] INFO:colcon.colcon_core.shell:Creating prefix util module '/home/viswaa888/ldlidar_ros2_ws/install/_local_setup_util_ps1.py'
[1.223s] INFO:colcon.colcon_core.shell:Creating prefix chain script '/home/viswaa888/ldlidar_ros2_ws/install/setup.ps1'
[1.224s] INFO:colcon.colcon_core.shell:Creating prefix script '/home/viswaa888/ldlidar_ros2_ws/install/local_setup.sh'
[1.224s] INFO:colcon.colcon_core.shell:Creating prefix util module '/home/viswaa888/ldlidar_ros2_ws/install/_local_setup_util_sh.py'
[1.225s] INFO:colcon.colcon_core.shell:Creating prefix chain script '/home/viswaa888/ldlidar_ros2_ws/install/setup.sh'
[1.226s] INFO:colcon.colcon_core.shell:Creating prefix script '/home/viswaa888/ldlidar_ros2_ws/install/local_setup.bash'
[1.226s] INFO:colcon.colcon_core.shell:Creating prefix chain script '/home/viswaa888/ldlidar_ros2_ws/install/setup.bash'
[1.227s] INFO:colcon.colcon_core.shell:Creating prefix script '/home/viswaa888/ldlidar_ros2_ws/install/local_setup.zsh'
[1.228s] INFO:colcon.colcon_core.shell:Creating prefix chain script '/home/viswaa888/ldlidar_ros2_ws/install/setup.zsh'
