[0.574s] Invoking command in '/home/viswaa888/maze_robot_ws/src/slam_robot': PYTHONPATH=/home/viswaa888/maze_robot_ws/build/slam_robot/prefix_override:/usr/lib/python3/dist-packages/colcon_core/task/python/colcon_distutils_commands:/home/viswaa888/maze_robot_ws/install/slam_robot/lib/python3.10/site-packages:${PYTHONPATH} /usr/bin/python3 -W ignore:setup.py install is deprecated -W ignore:easy_install command is deprecated setup.py egg_info --egg-base ../../build/slam_robot build --build-base /home/viswaa888/maze_robot_ws/build/slam_robot/build install --record /home/viswaa888/maze_robot_ws/build/slam_robot/install.log --single-version-externally-managed install_data
[0.721s] running egg_info
[0.722s] writing ../../build/slam_robot/slam_robot.egg-info/PKG-INFO
[0.731s] writing dependency_links to ../../build/slam_robot/slam_robot.egg-info/dependency_links.txt
[0.731s] writing entry points to ../../build/slam_robot/slam_robot.egg-info/entry_points.txt
[0.731s] writing requirements to ../../build/slam_robot/slam_robot.egg-info/requires.txt
[0.731s] writing top-level names to ../../build/slam_robot/slam_robot.egg-info/top_level.txt
[0.733s] reading manifest file '../../build/slam_robot/slam_robot.egg-info/SOURCES.txt'
[0.733s] adding license file 'LICENSE'
[0.734s] writing manifest file '../../build/slam_robot/slam_robot.egg-info/SOURCES.txt'
[0.734s] running build
[0.734s] running build_py
[0.735s] running install
[0.735s] running install_lib
[0.736s] running install_data
[0.737s] running install_egg_info
[0.738s] removing '/home/viswaa888/maze_robot_ws/install/slam_robot/lib/python3.10/site-packages/slam_robot-0.0.0-py3.10.egg-info' (and everything under it)
[0.738s] Copying ../../build/slam_robot/slam_robot.egg-info to /home/viswaa888/maze_robot_ws/install/slam_robot/lib/python3.10/site-packages/slam_robot-0.0.0-py3.10.egg-info
[0.738s] running install_scripts
[0.752s] Installing frontier_explorer script to /home/viswaa888/maze_robot_ws/install/slam_robot/lib/slam_robot
[0.752s] Installing frontier_server script to /home/viswaa888/maze_robot_ws/install/slam_robot/lib/slam_robot
[0.752s] writing list of installed files to '/home/viswaa888/maze_robot_ws/build/slam_robot/install.log'
[0.766s] Invoked command in '/home/viswaa888/maze_robot_ws/src/slam_robot' returned '0': PYTHONPATH=/home/viswaa888/maze_robot_ws/build/slam_robot/prefix_override:/usr/lib/python3/dist-packages/colcon_core/task/python/colcon_distutils_commands:/home/viswaa888/maze_robot_ws/install/slam_robot/lib/python3.10/site-packages:${PYTHONPATH} /usr/bin/python3 -W ignore:setup.py install is deprecated -W ignore:easy_install command is deprecated setup.py egg_info --egg-base ../../build/slam_robot build --build-base /home/viswaa888/maze_robot_ws/build/slam_robot/build install --record /home/viswaa888/maze_robot_ws/build/slam_robot/install.log --single-version-externally-managed install_data
