[0.008s] Invoking command in '/home/viswaa888/ldlidar_ros2_ws/build/ldlidar_ros2': CMAKE_PREFIX_PATH=/home/viswaa888/ros2_ws/install/talker_listener:/opt/ros/humble /usr/bin/cmake /home/viswaa888/ldlidar_ros2_ws/src/ldlidar_ros2 -DAMENT_CMAKE_SYMLINK_INSTALL=1 -DCMAKE_INSTALL_PREFIX=/home/viswaa888/ldlidar_ros2_ws/install/ldlidar_ros2
[0.181s] -- The C compiler identification is GNU 11.4.0
[0.276s] -- The CXX compiler identification is GNU 11.4.0
[0.283s] -- Detecting C compiler ABI info
[0.370s] -- Detecting C compiler ABI info - done
[0.379s] -- Check for working C compiler: /usr/bin/cc - skipped
[0.380s] -- Detecting C compile features
[0.381s] -- Detecting C compile features - done
[0.385s] -- Detecting CXX compiler ABI info
[0.475s] -- Detecting CXX compiler ABI info - done
[0.482s] -- Check for working CXX compiler: /usr/bin/c++ - skipped
[0.482s] -- Detecting CXX compile features
[0.482s] -- Detecting CXX compile features - done
[0.487s] -- Found ament_cmake: 1.3.12 (/opt/ros/humble/share/ament_cmake/cmake)
[0.628s] -- Found Python3: /usr/bin/python3 (found version "3.10.12") found components: Interpreter 
[0.680s] -- Override CMake install command with custom implementation using symlinks instead of copying resources
[0.706s] -- Found rclcpp: 16.0.15 (/opt/ros/humble/share/rclcpp/cmake)
[0.742s] -- Found rosidl_generator_c: 3.1.7 (/opt/ros/humble/share/rosidl_generator_c/cmake)
[0.746s] -- Found rosidl_adapter: 3.1.7 (/opt/ros/humble/share/rosidl_adapter/cmake)
[0.753s] -- Found rosidl_generator_cpp: 3.1.7 (/opt/ros/humble/share/rosidl_generator_cpp/cmake)
[0.764s] -- Using all available rosidl_typesupport_c: rosidl_typesupport_fastrtps_c;rosidl_typesupport_introspection_c
[0.777s] -- Using all available rosidl_typesupport_cpp: rosidl_typesupport_fastrtps_cpp;rosidl_typesupport_introspection_cpp
[0.813s] -- Found rmw_implementation_cmake: 6.1.2 (/opt/ros/humble/share/rmw_implementation_cmake/cmake)
[0.815s] -- Found rmw_cyclonedds_cpp: 1.3.4 (/opt/ros/humble/share/rmw_cyclonedds_cpp/cmake)
[0.835s] -- Using RMW implementation 'rmw_cyclonedds_cpp' as default
[0.844s] -- Looking for pthread.h
[0.918s] -- Looking for pthread.h - found
[0.918s] -- Performing Test CMAKE_HAVE_LIBC_PTHREAD
[0.993s] -- Performing Test CMAKE_HAVE_LIBC_PTHREAD - Success
[0.995s] -- Found Threads: TRUE  
[1.047s] -- Found sensor_msgs: 4.9.0 (/opt/ros/humble/share/sensor_msgs/cmake)
[1.076s] -- Found ament_lint_auto: 0.12.14 (/opt/ros/humble/share/ament_lint_auto/cmake)
[1.138s] [31mCMake Error at CMakeLists.txt:41 (add_subdirectory):
[1.138s]   The source directory
[1.138s] 
[1.138s]     /home/viswaa888/ldlidar_ros2_ws/src/ldlidar_ros2/sdk
[1.138s] 
[1.138s]   does not contain a CMakeLists.txt file.
[1.138s] 
[1.138s] [0m
[1.142s] -- Added test 'copyright' to check source files copyright and LICENSE
[1.145s] -- Added test 'cppcheck' to perform static code analysis on C / C++ code
[1.145s] -- Configured cppcheck include dirs: /home/viswaa888/ldlidar_ros2_ws/src/ldlidar_ros2/include;/home/viswaa888/ldlidar_ros2_ws/src/ldlidar_ros2/sdk/include
[1.145s] -- Configured cppcheck exclude dirs and/or files: 
[1.147s] -- Added test 'cpplint' to check C / C++ code against the Google style
[1.147s] -- Configured cpplint exclude dirs and/or files: 
[1.147s] -- Added test 'flake8' to check Python code syntax and style conventions
[1.148s] -- Added test 'lint_cmake' to check CMake code style
[1.148s] -- Added test 'pep257' to check Python code against some of the docstring style conventions in PEP 257
[1.150s] -- Added test 'uncrustify' to check C / C++ code style
[1.150s] -- Configured uncrustify additional arguments: 
[1.151s] -- Added test 'xmllint' to check XML markup files
[1.152s] -- Configuring incomplete, errors occurred!
[1.152s] See also "/home/viswaa888/ldlidar_ros2_ws/build/ldlidar_ros2/CMakeFiles/CMakeOutput.log".
[1.159s] Invoked command in '/home/viswaa888/ldlidar_ros2_ws/build/ldlidar_ros2' returned '1': CMAKE_PREFIX_PATH=/home/viswaa888/ros2_ws/install/talker_listener:/opt/ros/humble /usr/bin/cmake /home/viswaa888/ldlidar_ros2_ws/src/ldlidar_ros2 -DAMENT_CMAKE_SYMLINK_INSTALL=1 -DCMAKE_INSTALL_PREFIX=/home/viswaa888/ldlidar_ros2_ws/install/ldlidar_ros2
