[0.009s] Invoking command in '/home/viswaa888/linorobot2_ws/build/linorobot2_viz': CMAKE_PREFIX_PATH=/home/viswaa888/maze_robot_ws/install/slam_robot:/home/viswaa888/ros2_ws/install/talker_listener:/opt/ros/humble /usr/bin/cmake /home/viswaa888/linorobot2_ws/src/linorobot2_viz -DCMAKE_INSTALL_PREFIX=/home/viswaa888/linorobot2_ws/install/linorobot2_viz
[0.185s] -- The C compiler identification is GNU 11.4.0
[0.369s] -- The CXX compiler identification is GNU 11.4.0
[0.376s] -- Detecting C compiler ABI info
[0.459s] -- Detecting C compiler ABI info - done
[0.468s] -- Check for working C compiler: /usr/bin/cc - skipped
[0.469s] -- Detecting C compile features
[0.469s] -- Detecting C compile features - done
[0.473s] -- Detecting CXX compiler ABI info
[0.560s] -- Detecting CXX compiler ABI info - done
[0.569s] -- Check for working CXX compiler: /usr/bin/c++ - skipped
[0.569s] -- Detecting CXX compile features
[0.569s] -- Detecting CXX compile features - done
[0.580s] -- Found ament_cmake: 1.3.12 (/opt/ros/humble/share/ament_cmake/cmake)
[0.737s] -- Found Python3: /usr/bin/python3 (found version "3.10.12") found components: Interpreter 
[0.864s] -- Configuring done
[0.865s] -- Generating done
[0.866s] -- Build files have been written to: /home/viswaa888/linorobot2_ws/build/linorobot2_viz
[0.869s] Invoked command in '/home/viswaa888/linorobot2_ws/build/linorobot2_viz' returned '0': CMAKE_PREFIX_PATH=/home/viswaa888/maze_robot_ws/install/slam_robot:/home/viswaa888/ros2_ws/install/talker_listener:/opt/ros/humble /usr/bin/cmake /home/viswaa888/linorobot2_ws/src/linorobot2_viz -DCMAKE_INSTALL_PREFIX=/home/viswaa888/linorobot2_ws/install/linorobot2_viz
[0.871s] Invoking command in '/home/viswaa888/linorobot2_ws/build/linorobot2_viz': CMAKE_PREFIX_PATH=/home/viswaa888/maze_robot_ws/install/slam_robot:/home/viswaa888/ros2_ws/install/talker_listener:/opt/ros/humble /usr/bin/cmake --build /home/viswaa888/linorobot2_ws/build/linorobot2_viz -- -j20 -l20
[0.906s] Invoked command in '/home/viswaa888/linorobot2_ws/build/linorobot2_viz' returned '0': CMAKE_PREFIX_PATH=/home/viswaa888/maze_robot_ws/install/slam_robot:/home/viswaa888/ros2_ws/install/talker_listener:/opt/ros/humble /usr/bin/cmake --build /home/viswaa888/linorobot2_ws/build/linorobot2_viz -- -j20 -l20
[0.918s] Invoking command in '/home/viswaa888/linorobot2_ws/build/linorobot2_viz': CMAKE_PREFIX_PATH=/home/viswaa888/maze_robot_ws/install/slam_robot:/home/viswaa888/ros2_ws/install/talker_listener:/opt/ros/humble /usr/bin/cmake --install /home/viswaa888/linorobot2_ws/build/linorobot2_viz
[0.925s] -- Install configuration: ""
[0.925s] -- Installing: /home/viswaa888/linorobot2_ws/install/linorobot2_viz/share/linorobot2_viz/launch
[0.925s] -- Installing: /home/viswaa888/linorobot2_ws/install/linorobot2_viz/share/linorobot2_viz/launch/slam.launch.py
[0.926s] -- Installing: /home/viswaa888/linorobot2_ws/install/linorobot2_viz/share/linorobot2_viz/launch/robot_model.launch.py
[0.926s] -- Installing: /home/viswaa888/linorobot2_ws/install/linorobot2_viz/share/linorobot2_viz/launch/navigation.launch.py
[0.926s] -- Installing: /home/viswaa888/linorobot2_ws/install/linorobot2_viz/share/linorobot2_viz/rviz
[0.926s] -- Installing: /home/viswaa888/linorobot2_ws/install/linorobot2_viz/share/linorobot2_viz/rviz/linorobot2_navigation_minimal.rviz
[0.926s] -- Installing: /home/viswaa888/linorobot2_ws/install/linorobot2_viz/share/linorobot2_viz/rviz/description.rviz
[0.926s] -- Installing: /home/viswaa888/linorobot2_ws/install/linorobot2_viz/share/linorobot2_viz/rviz/linorobot2_slam.rviz
[0.926s] -- Installing: /home/viswaa888/linorobot2_ws/install/linorobot2_viz/share/linorobot2_viz/rviz/linorobot2_navigation.rviz
[0.926s] -- Installing: /home/viswaa888/linorobot2_ws/install/linorobot2_viz/share/ament_index/resource_index/package_run_dependencies/linorobot2_viz
[0.926s] -- Installing: /home/viswaa888/linorobot2_ws/install/linorobot2_viz/share/ament_index/resource_index/parent_prefix_path/linorobot2_viz
[0.926s] -- Installing: /home/viswaa888/linorobot2_ws/install/linorobot2_viz/share/linorobot2_viz/environment/ament_prefix_path.sh
[0.926s] -- Installing: /home/viswaa888/linorobot2_ws/install/linorobot2_viz/share/linorobot2_viz/environment/ament_prefix_path.dsv
[0.926s] -- Installing: /home/viswaa888/linorobot2_ws/install/linorobot2_viz/share/linorobot2_viz/environment/path.sh
[0.927s] -- Installing: /home/viswaa888/linorobot2_ws/install/linorobot2_viz/share/linorobot2_viz/environment/path.dsv
[0.927s] -- Installing: /home/viswaa888/linorobot2_ws/install/linorobot2_viz/share/linorobot2_viz/local_setup.bash
[0.927s] -- Installing: /home/viswaa888/linorobot2_ws/install/linorobot2_viz/share/linorobot2_viz/local_setup.sh
[0.927s] -- Installing: /home/viswaa888/linorobot2_ws/install/linorobot2_viz/share/linorobot2_viz/local_setup.zsh
[0.927s] -- Installing: /home/viswaa888/linorobot2_ws/install/linorobot2_viz/share/linorobot2_viz/local_setup.dsv
[0.927s] -- Installing: /home/viswaa888/linorobot2_ws/install/linorobot2_viz/share/linorobot2_viz/package.dsv
[0.927s] -- Installing: /home/viswaa888/linorobot2_ws/install/linorobot2_viz/share/ament_index/resource_index/packages/linorobot2_viz
[0.927s] -- Installing: /home/viswaa888/linorobot2_ws/install/linorobot2_viz/share/linorobot2_viz/cmake/linorobot2_vizConfig.cmake
[0.927s] -- Installing: /home/viswaa888/linorobot2_ws/install/linorobot2_viz/share/linorobot2_viz/cmake/linorobot2_vizConfig-version.cmake
[0.927s] -- Installing: /home/viswaa888/linorobot2_ws/install/linorobot2_viz/share/linorobot2_viz/package.xml
[0.929s] Invoked command in '/home/viswaa888/linorobot2_ws/build/linorobot2_viz' returned '0': CMAKE_PREFIX_PATH=/home/viswaa888/maze_robot_ws/install/slam_robot:/home/viswaa888/ros2_ws/install/talker_listener:/opt/ros/humble /usr/bin/cmake --install /home/viswaa888/linorobot2_ws/build/linorobot2_viz
