/home/viswaa888/maze_robot_ws/install/slam_robot/lib/python3.10/site-packages/slam_robot/frontier_utils.py
/home/viswaa888/maze_robot_ws/install/slam_robot/lib/python3.10/site-packages/slam_robot/frontier_detection.py
/home/viswaa888/maze_robot_ws/install/slam_robot/lib/python3.10/site-packages/slam_robot/__init__.py
/home/viswaa888/maze_robot_ws/install/slam_robot/lib/python3.10/site-packages/slam_robot/frontier_server.py
/home/viswaa888/maze_robot_ws/install/slam_robot/lib/python3.10/site-packages/slam_robot/frontier_explorer.py
/home/viswaa888/maze_robot_ws/install/slam_robot/lib/python3.10/site-packages/slam_robot/srv/__init__.py
/home/viswaa888/maze_robot_ws/install/slam_robot/lib/python3.10/site-packages/slam_robot/msg/__init__.py
/home/viswaa888/maze_robot_ws/install/slam_robot/lib/python3.10/site-packages/slam_robot/__pycache__/frontier_utils.cpython-310.pyc
/home/viswaa888/maze_robot_ws/install/slam_robot/lib/python3.10/site-packages/slam_robot/__pycache__/frontier_detection.cpython-310.pyc
/home/viswaa888/maze_robot_ws/install/slam_robot/lib/python3.10/site-packages/slam_robot/__pycache__/__init__.cpython-310.pyc
/home/viswaa888/maze_robot_ws/install/slam_robot/lib/python3.10/site-packages/slam_robot/__pycache__/frontier_server.cpython-310.pyc
/home/viswaa888/maze_robot_ws/install/slam_robot/lib/python3.10/site-packages/slam_robot/__pycache__/frontier_explorer.cpython-310.pyc
/home/viswaa888/maze_robot_ws/install/slam_robot/lib/python3.10/site-packages/slam_robot/srv/__pycache__/__init__.cpython-310.pyc
/home/viswaa888/maze_robot_ws/install/slam_robot/lib/python3.10/site-packages/slam_robot/msg/__pycache__/__init__.cpython-310.pyc
/home/viswaa888/maze_robot_ws/install/slam_robot/share/ament_index/resource_index/packages/slam_robot
/home/viswaa888/maze_robot_ws/install/slam_robot/share/slam_robot/package.xml
/home/viswaa888/maze_robot_ws/install/slam_robot/share/slam_robot/launch/bringup.launch.py
/home/viswaa888/maze_robot_ws/install/slam_robot/share/slam_robot/msg/Frontier.msg
/home/viswaa888/maze_robot_ws/install/slam_robot/share/slam_robot/msg/FrontierList.msg
/home/viswaa888/maze_robot_ws/install/slam_robot/share/slam_robot/srv/GetFrontiers.srv
/home/viswaa888/maze_robot_ws/install/slam_robot/lib/python3.10/site-packages/slam_robot-0.0.0-py3.10.egg-info/top_level.txt
/home/viswaa888/maze_robot_ws/install/slam_robot/lib/python3.10/site-packages/slam_robot-0.0.0-py3.10.egg-info/entry_points.txt
/home/viswaa888/maze_robot_ws/install/slam_robot/lib/python3.10/site-packages/slam_robot-0.0.0-py3.10.egg-info/PKG-INFO
/home/viswaa888/maze_robot_ws/install/slam_robot/lib/python3.10/site-packages/slam_robot-0.0.0-py3.10.egg-info/SOURCES.txt
/home/viswaa888/maze_robot_ws/install/slam_robot/lib/python3.10/site-packages/slam_robot-0.0.0-py3.10.egg-info/dependency_links.txt
/home/viswaa888/maze_robot_ws/install/slam_robot/lib/python3.10/site-packages/slam_robot-0.0.0-py3.10.egg-info/zip-safe
/home/viswaa888/maze_robot_ws/install/slam_robot/lib/python3.10/site-packages/slam_robot-0.0.0-py3.10.egg-info/requires.txt
/home/viswaa888/maze_robot_ws/install/slam_robot/lib/slam_robot/frontier_explorer
/home/viswaa888/maze_robot_ws/install/slam_robot/lib/slam_robot/frontier_server
