[0.008s] Invoking command in '/home/viswaa888/ldlidar_ros2_ws/build/ldlidar_ros2': CMAKE_PREFIX_PATH=/home/viswaa888/maze_robot_ws/install/slam_robot:/home/viswaa888/ros2_ws/install/talker_listener:/opt/ros/humble /usr/bin/cmake --build /home/viswaa888/ldlidar_ros2_ws/build/ldlidar_ros2 -- -j20 -l20
[0.090s] [35m[1mConsolidate compiler generated dependencies of target ldlidar_driver[0m
[0.116s] [ 84%] Built target ldlidar_driver
[0.128s] [35m[1mConsolidate compiler generated dependencies of target ldlidar_ros2_node[0m
[0.141s] [100%] Built target ldlidar_ros2_node
[0.149s] Invoked command in '/home/viswaa888/ldlidar_ros2_ws/build/ldlidar_ros2' returned '0': CMAKE_PREFIX_PATH=/home/viswaa888/maze_robot_ws/install/slam_robot:/home/viswaa888/ros2_ws/install/talker_listener:/opt/ros/humble /usr/bin/cmake --build /home/viswaa888/ldlidar_ros2_ws/build/ldlidar_ros2 -- -j20 -l20
[0.156s] Invoking command in '/home/viswaa888/ldlidar_ros2_ws/build/ldlidar_ros2': CMAKE_PREFIX_PATH=/home/viswaa888/maze_robot_ws/install/slam_robot:/home/viswaa888/ros2_ws/install/talker_listener:/opt/ros/humble /usr/bin/cmake --install /home/viswaa888/ldlidar_ros2_ws/build/ldlidar_ros2
[0.161s] -- Install configuration: ""
[0.168s] -- Execute custom install script
[0.175s] -- Up-to-date symlink: /home/viswaa888/ldlidar_ros2_ws/install/ldlidar_ros2/lib/ldlidar_ros2/ldlidar_ros2_node
[0.176s] -- Up-to-date symlink: /home/viswaa888/ldlidar_ros2_ws/install/ldlidar_ros2/share/ldlidar_ros2//launch/ld06.launch.py
[0.177s] -- Up-to-date symlink: /home/viswaa888/ldlidar_ros2_ws/install/ldlidar_ros2/share/ldlidar_ros2//launch/ld14.launch.py
[0.177s] -- Up-to-date symlink: /home/viswaa888/ldlidar_ros2_ws/install/ldlidar_ros2/share/ldlidar_ros2//launch/ld14p.launch.py
[0.177s] -- Up-to-date symlink: /home/viswaa888/ldlidar_ros2_ws/install/ldlidar_ros2/share/ldlidar_ros2//launch/ld19.launch.py
[0.177s] -- Up-to-date symlink: /home/viswaa888/ldlidar_ros2_ws/install/ldlidar_ros2/share/ldlidar_ros2//launch/viewer_ld06.launch.py
[0.177s] -- Up-to-date symlink: /home/viswaa888/ldlidar_ros2_ws/install/ldlidar_ros2/share/ldlidar_ros2//launch/viewer_ld14.launch.py
[0.177s] -- Up-to-date symlink: /home/viswaa888/ldlidar_ros2_ws/install/ldlidar_ros2/share/ldlidar_ros2//launch/viewer_ld14p.launch.py
[0.177s] -- Up-to-date symlink: /home/viswaa888/ldlidar_ros2_ws/install/ldlidar_ros2/share/ldlidar_ros2//launch/viewer_ld19.launch.py
[0.178s] -- Up-to-date symlink: /home/viswaa888/ldlidar_ros2_ws/install/ldlidar_ros2/share/ldlidar_ros2//rviz2/ldlidar.rviz
[0.178s] -- Up-to-date symlink: /home/viswaa888/ldlidar_ros2_ws/install/ldlidar_ros2/share/ldlidar_ros2//scripts/create_udev_rules.sh
[0.178s] -- Up-to-date symlink: /home/viswaa888/ldlidar_ros2_ws/install/ldlidar_ros2/share/ldlidar_ros2//scripts/delete_udev_rules.sh
[0.178s] -- Up-to-date symlink: /home/viswaa888/ldlidar_ros2_ws/install/ldlidar_ros2/share/ldlidar_ros2//scripts/ldlidar.rules
[0.178s] -- Up-to-date symlink: /home/viswaa888/ldlidar_ros2_ws/install/ldlidar_ros2/share/ament_index/resource_index/package_run_dependencies/ldlidar_ros2
[0.179s] -- Up-to-date symlink: /home/viswaa888/ldlidar_ros2_ws/install/ldlidar_ros2/share/ament_index/resource_index/parent_prefix_path/ldlidar_ros2
[0.179s] -- Up-to-date symlink: /home/viswaa888/ldlidar_ros2_ws/install/ldlidar_ros2/share/ldlidar_ros2/environment/ament_prefix_path.sh
[0.179s] -- Up-to-date symlink: /home/viswaa888/ldlidar_ros2_ws/install/ldlidar_ros2/share/ldlidar_ros2/environment/ament_prefix_path.dsv
[0.179s] -- Up-to-date symlink: /home/viswaa888/ldlidar_ros2_ws/install/ldlidar_ros2/share/ldlidar_ros2/environment/path.sh
[0.179s] -- Up-to-date symlink: /home/viswaa888/ldlidar_ros2_ws/install/ldlidar_ros2/share/ldlidar_ros2/environment/path.dsv
[0.179s] -- Up-to-date symlink: /home/viswaa888/ldlidar_ros2_ws/install/ldlidar_ros2/share/ldlidar_ros2/local_setup.bash
[0.179s] -- Up-to-date symlink: /home/viswaa888/ldlidar_ros2_ws/install/ldlidar_ros2/share/ldlidar_ros2/local_setup.sh
[0.179s] -- Up-to-date symlink: /home/viswaa888/ldlidar_ros2_ws/install/ldlidar_ros2/share/ldlidar_ros2/local_setup.zsh
[0.180s] -- Up-to-date symlink: /home/viswaa888/ldlidar_ros2_ws/install/ldlidar_ros2/share/ldlidar_ros2/local_setup.dsv
[0.180s] -- Symlinking: /home/viswaa888/ldlidar_ros2_ws/install/ldlidar_ros2/share/ldlidar_ros2/package.dsv
[0.187s] -- Up-to-date symlink: /home/viswaa888/ldlidar_ros2_ws/install/ldlidar_ros2/share/ament_index/resource_index/packages/ldlidar_ros2
[0.187s] -- Up-to-date symlink: /home/viswaa888/ldlidar_ros2_ws/install/ldlidar_ros2/share/ldlidar_ros2/cmake/ldlidar_ros2Config.cmake
[0.187s] -- Up-to-date symlink: /home/viswaa888/ldlidar_ros2_ws/install/ldlidar_ros2/share/ldlidar_ros2/cmake/ldlidar_ros2Config-version.cmake
[0.187s] -- Up-to-date symlink: /home/viswaa888/ldlidar_ros2_ws/install/ldlidar_ros2/share/ldlidar_ros2/package.xml
[0.188s] Invoked command in '/home/viswaa888/ldlidar_ros2_ws/build/ldlidar_ros2' returned '0': CMAKE_PREFIX_PATH=/home/viswaa888/maze_robot_ws/install/slam_robot:/home/viswaa888/ros2_ws/install/talker_listener:/opt/ros/humble /usr/bin/cmake --install /home/viswaa888/ldlidar_ros2_ws/build/ldlidar_ros2
