[0.011s] Invoking command in '/home/viswaa888/ldlidar_ros2_ws/build/ldlidar_ros2': CMAKE_PREFIX_PATH=/home/viswaa888/maze_robot_ws/install/slam_robot:/home/viswaa888/ros2_ws/install/talker_listener:/opt/ros/humble /usr/bin/cmake /home/viswaa888/ldlidar_ros2_ws/src/ldlidar_ros2 -DCMAKE_INSTALL_PREFIX=/home/viswaa888/ldlidar_ros2_ws/install/ldlidar_ros2
[0.078s] -- Found ament_cmake: 1.3.12 (/opt/ros/humble/share/ament_cmake/cmake)
[0.197s] -- Override CMake install command with custom implementation using symlinks instead of copying resources
[0.209s] -- Found rclcpp: 16.0.16 (/opt/ros/humble/share/rclcpp/cmake)
[0.244s] -- Found rosidl_generator_c: 3.1.7 (/opt/ros/humble/share/rosidl_generator_c/cmake)
[0.246s] -- Found rosidl_adapter: 3.1.7 (/opt/ros/humble/share/rosidl_adapter/cmake)
[0.251s] -- Found rosidl_generator_cpp: 3.1.7 (/opt/ros/humble/share/rosidl_generator_cpp/cmake)
[0.260s] -- Using all available rosidl_typesupport_c: rosidl_typesupport_fastrtps_c;rosidl_typesupport_introspection_c
[0.269s] -- Using all available rosidl_typesupport_cpp: rosidl_typesupport_fastrtps_cpp;rosidl_typesupport_introspection_cpp
[0.296s] -- Found rmw_implementation_cmake: 6.1.2 (/opt/ros/humble/share/rmw_implementation_cmake/cmake)
[0.298s] -- Found rmw_cyclonedds_cpp: 1.3.4 (/opt/ros/humble/share/rmw_cyclonedds_cpp/cmake)
[0.316s] -- Using RMW implementation 'rmw_cyclonedds_cpp' as default
[0.357s] -- Found sensor_msgs: 4.9.0 (/opt/ros/humble/share/sensor_msgs/cmake)
[0.378s] -- Found ament_lint_auto: 0.12.14 (/opt/ros/humble/share/ament_lint_auto/cmake)
[0.432s] -- operation system is Linux-6.8.0-87-generic
[0.432s] -- current platform: Linux 
[0.438s] -- Added test 'copyright' to check source files copyright and LICENSE
[0.446s] -- Added test 'cppcheck' to perform static code analysis on C / C++ code
[0.447s] -- Configured cppcheck include dirs: /home/viswaa888/ldlidar_ros2_ws/src/ldlidar_ros2/include;/home/viswaa888/ldlidar_ros2_ws/src/ldlidar_ros2/sdk/include
[0.447s] -- Configured cppcheck exclude dirs and/or files: 
[0.450s] -- Added test 'cpplint' to check C / C++ code against the Google style
[0.450s] -- Configured cpplint exclude dirs and/or files: 
[0.451s] -- Added test 'flake8' to check Python code syntax and style conventions
[0.452s] -- Added test 'lint_cmake' to check CMake code style
[0.452s] -- Added test 'pep257' to check Python code against some of the docstring style conventions in PEP 257
[0.455s] -- Added test 'uncrustify' to check C / C++ code style
[0.455s] -- Configured uncrustify additional arguments: 
[0.456s] -- Added test 'xmllint' to check XML markup files
[0.457s] -- Configuring done
[0.470s] -- Generating done
[0.472s] -- Build files have been written to: /home/viswaa888/ldlidar_ros2_ws/build/ldlidar_ros2
[0.478s] Invoked command in '/home/viswaa888/ldlidar_ros2_ws/build/ldlidar_ros2' returned '0': CMAKE_PREFIX_PATH=/home/viswaa888/maze_robot_ws/install/slam_robot:/home/viswaa888/ros2_ws/install/talker_listener:/opt/ros/humble /usr/bin/cmake /home/viswaa888/ldlidar_ros2_ws/src/ldlidar_ros2 -DCMAKE_INSTALL_PREFIX=/home/viswaa888/ldlidar_ros2_ws/install/ldlidar_ros2
[0.479s] Invoking command in '/home/viswaa888/ldlidar_ros2_ws/build/ldlidar_ros2': CMAKE_PREFIX_PATH=/home/viswaa888/maze_robot_ws/install/slam_robot:/home/viswaa888/ros2_ws/install/talker_listener:/opt/ros/humble /usr/bin/cmake --build /home/viswaa888/ldlidar_ros2_ws/build/ldlidar_ros2 -- -j20 -l20
[0.520s] [35m[1mConsolidate compiler generated dependencies of target ldlidar_driver[0m
[0.542s] [ 84%] Built target ldlidar_driver
[0.553s] [35m[1mConsolidate compiler generated dependencies of target ldlidar_ros2_node[0m
[0.585s] [100%] Built target ldlidar_ros2_node
[0.599s] Invoked command in '/home/viswaa888/ldlidar_ros2_ws/build/ldlidar_ros2' returned '0': CMAKE_PREFIX_PATH=/home/viswaa888/maze_robot_ws/install/slam_robot:/home/viswaa888/ros2_ws/install/talker_listener:/opt/ros/humble /usr/bin/cmake --build /home/viswaa888/ldlidar_ros2_ws/build/ldlidar_ros2 -- -j20 -l20
[0.608s] Invoking command in '/home/viswaa888/ldlidar_ros2_ws/build/ldlidar_ros2': CMAKE_PREFIX_PATH=/home/viswaa888/maze_robot_ws/install/slam_robot:/home/viswaa888/ros2_ws/install/talker_listener:/opt/ros/humble /usr/bin/cmake --install /home/viswaa888/ldlidar_ros2_ws/build/ldlidar_ros2
[0.615s] -- Install configuration: ""
[0.615s] -- Execute custom install script
[0.616s] -- Up-to-date symlink: /home/viswaa888/ldlidar_ros2_ws/install/ldlidar_ros2/lib/ldlidar_ros2/ldlidar_ros2_node
[0.616s] -- Up-to-date symlink: /home/viswaa888/ldlidar_ros2_ws/install/ldlidar_ros2/share/ldlidar_ros2//launch/ld06.launch.py
[0.616s] -- Up-to-date symlink: /home/viswaa888/ldlidar_ros2_ws/install/ldlidar_ros2/share/ldlidar_ros2//launch/ld14.launch.py
[0.616s] -- Up-to-date symlink: /home/viswaa888/ldlidar_ros2_ws/install/ldlidar_ros2/share/ldlidar_ros2//launch/ld14p.launch.py
[0.616s] -- Up-to-date symlink: /home/viswaa888/ldlidar_ros2_ws/install/ldlidar_ros2/share/ldlidar_ros2//launch/ld19.launch.py
[0.616s] -- Up-to-date symlink: /home/viswaa888/ldlidar_ros2_ws/install/ldlidar_ros2/share/ldlidar_ros2//launch/viewer_ld06.launch.py
[0.616s] -- Up-to-date symlink: /home/viswaa888/ldlidar_ros2_ws/install/ldlidar_ros2/share/ldlidar_ros2//launch/viewer_ld14.launch.py
[0.617s] -- Up-to-date symlink: /home/viswaa888/ldlidar_ros2_ws/install/ldlidar_ros2/share/ldlidar_ros2//launch/viewer_ld14p.launch.py
[0.617s] -- Up-to-date symlink: /home/viswaa888/ldlidar_ros2_ws/install/ldlidar_ros2/share/ldlidar_ros2//launch/viewer_ld19.launch.py
[0.617s] -- Up-to-date symlink: /home/viswaa888/ldlidar_ros2_ws/install/ldlidar_ros2/share/ldlidar_ros2//rviz2/ldlidar.rviz
[0.617s] -- Up-to-date symlink: /home/viswaa888/ldlidar_ros2_ws/install/ldlidar_ros2/share/ldlidar_ros2//scripts/create_udev_rules.sh
[0.617s] -- Up-to-date symlink: /home/viswaa888/ldlidar_ros2_ws/install/ldlidar_ros2/share/ldlidar_ros2//scripts/delete_udev_rules.sh
[0.617s] -- Up-to-date symlink: /home/viswaa888/ldlidar_ros2_ws/install/ldlidar_ros2/share/ldlidar_ros2//scripts/ldlidar.rules
[0.617s] -- Up-to-date symlink: /home/viswaa888/ldlidar_ros2_ws/install/ldlidar_ros2/share/ament_index/resource_index/package_run_dependencies/ldlidar_ros2
[0.618s] -- Up-to-date symlink: /home/viswaa888/ldlidar_ros2_ws/install/ldlidar_ros2/share/ament_index/resource_index/parent_prefix_path/ldlidar_ros2
[0.618s] -- Up-to-date symlink: /home/viswaa888/ldlidar_ros2_ws/install/ldlidar_ros2/share/ldlidar_ros2/environment/ament_prefix_path.sh
[0.618s] -- Up-to-date symlink: /home/viswaa888/ldlidar_ros2_ws/install/ldlidar_ros2/share/ldlidar_ros2/environment/ament_prefix_path.dsv
[0.618s] -- Up-to-date symlink: /home/viswaa888/ldlidar_ros2_ws/install/ldlidar_ros2/share/ldlidar_ros2/environment/path.sh
[0.619s] -- Up-to-date symlink: /home/viswaa888/ldlidar_ros2_ws/install/ldlidar_ros2/share/ldlidar_ros2/environment/path.dsv
[0.619s] -- Up-to-date symlink: /home/viswaa888/ldlidar_ros2_ws/install/ldlidar_ros2/share/ldlidar_ros2/local_setup.bash
[0.619s] -- Up-to-date symlink: /home/viswaa888/ldlidar_ros2_ws/install/ldlidar_ros2/share/ldlidar_ros2/local_setup.sh
[0.619s] -- Up-to-date symlink: /home/viswaa888/ldlidar_ros2_ws/install/ldlidar_ros2/share/ldlidar_ros2/local_setup.zsh
[0.619s] -- Up-to-date symlink: /home/viswaa888/ldlidar_ros2_ws/install/ldlidar_ros2/share/ldlidar_ros2/local_setup.dsv
[0.620s] -- Symlinking: /home/viswaa888/ldlidar_ros2_ws/install/ldlidar_ros2/share/ldlidar_ros2/package.dsv
[0.630s] -- Up-to-date symlink: /home/viswaa888/ldlidar_ros2_ws/install/ldlidar_ros2/share/ament_index/resource_index/packages/ldlidar_ros2
[0.630s] -- Up-to-date symlink: /home/viswaa888/ldlidar_ros2_ws/install/ldlidar_ros2/share/ldlidar_ros2/cmake/ldlidar_ros2Config.cmake
[0.631s] -- Up-to-date symlink: /home/viswaa888/ldlidar_ros2_ws/install/ldlidar_ros2/share/ldlidar_ros2/cmake/ldlidar_ros2Config-version.cmake
[0.631s] -- Up-to-date symlink: /home/viswaa888/ldlidar_ros2_ws/install/ldlidar_ros2/share/ldlidar_ros2/package.xml
[0.633s] Invoked command in '/home/viswaa888/ldlidar_ros2_ws/build/ldlidar_ros2' returned '0': CMAKE_PREFIX_PATH=/home/viswaa888/maze_robot_ws/install/slam_robot:/home/viswaa888/ros2_ws/install/talker_listener:/opt/ros/humble /usr/bin/cmake --install /home/viswaa888/ldlidar_ros2_ws/build/ldlidar_ros2
