[0.348s] Invoking command in '/home/viswaa888/maze_robot_ws/build/slam_robot': PYTHONPATH=/home/viswaa888/maze_robot_ws/build/slam_robot/prefix_override:/usr/lib/python3/dist-packages/colcon_core/task/python/colcon_distutils_commands:/home/viswaa888/maze_robot_ws/install/slam_robot/lib/python3.10/site-packages:${PYTHONPATH} /usr/bin/python3 -W ignore:setup.py install is deprecated -W ignore:easy_install command is deprecated setup.py develop --uninstall --editable --build-directory /home/viswaa888/maze_robot_ws/build/slam_robot/build
[0.484s] running develop
[0.560s] Removing /home/viswaa888/maze_robot_ws/install/slam_robot/lib/python3.10/site-packages/slam-robot.egg-link (link to .)
[0.572s] Invoked command in '/home/viswaa888/maze_robot_ws/build/slam_robot' returned '0': PYTHONPATH=/home/viswaa888/maze_robot_ws/build/slam_robot/prefix_override:/usr/lib/python3/dist-packages/colcon_core/task/python/colcon_distutils_commands:/home/viswaa888/maze_robot_ws/install/slam_robot/lib/python3.10/site-packages:${PYTHONPATH} /usr/bin/python3 -W ignore:setup.py install is deprecated -W ignore:easy_install command is deprecated setup.py develop --uninstall --editable --build-directory /home/viswaa888/maze_robot_ws/build/slam_robot/build
[0.573s] Invoking command in '/home/viswaa888/maze_robot_ws/src/slam_robot': PYTHONPATH=/home/viswaa888/maze_robot_ws/build/slam_robot/prefix_override:/usr/lib/python3/dist-packages/colcon_core/task/python/colcon_distutils_commands:/home/viswaa888/maze_robot_ws/install/slam_robot/lib/python3.10/site-packages:${PYTHONPATH} /usr/bin/python3 -W ignore:setup.py install is deprecated -W ignore:easy_install command is deprecated setup.py egg_info --egg-base ../../build/slam_robot build --build-base /home/viswaa888/maze_robot_ws/build/slam_robot/build install --record /home/viswaa888/maze_robot_ws/build/slam_robot/install.log --single-version-externally-managed install_data --force
[0.685s] running egg_info
[0.685s] writing ../../build/slam_robot/slam_robot.egg-info/PKG-INFO
[0.685s] writing dependency_links to ../../build/slam_robot/slam_robot.egg-info/dependency_links.txt
[0.685s] writing entry points to ../../build/slam_robot/slam_robot.egg-info/entry_points.txt
[0.685s] writing requirements to ../../build/slam_robot/slam_robot.egg-info/requires.txt
[0.685s] writing top-level names to ../../build/slam_robot/slam_robot.egg-info/top_level.txt
[0.696s] reading manifest file '../../build/slam_robot/slam_robot.egg-info/SOURCES.txt'
[0.696s] adding license file 'LICENSE'
[0.696s] writing manifest file '../../build/slam_robot/slam_robot.egg-info/SOURCES.txt'
[0.696s] running build
[0.696s] running build_py
[0.697s] creating /home/viswaa888/maze_robot_ws/build/slam_robot/build
[0.697s] creating /home/viswaa888/maze_robot_ws/build/slam_robot/build/lib
[0.697s] creating /home/viswaa888/maze_robot_ws/build/slam_robot/build/lib/slam_robot
[0.697s] copying slam_robot/frontier_utils.py -> /home/viswaa888/maze_robot_ws/build/slam_robot/build/lib/slam_robot
[0.697s] copying slam_robot/frontier_detection.py -> /home/viswaa888/maze_robot_ws/build/slam_robot/build/lib/slam_robot
[0.697s] copying slam_robot/__init__.py -> /home/viswaa888/maze_robot_ws/build/slam_robot/build/lib/slam_robot
[0.697s] copying slam_robot/frontier_server.py -> /home/viswaa888/maze_robot_ws/build/slam_robot/build/lib/slam_robot
[0.697s] copying slam_robot/frontier_explorer.py -> /home/viswaa888/maze_robot_ws/build/slam_robot/build/lib/slam_robot
[0.697s] creating /home/viswaa888/maze_robot_ws/build/slam_robot/build/lib/slam_robot/srv
[0.697s] copying slam_robot/srv/__init__.py -> /home/viswaa888/maze_robot_ws/build/slam_robot/build/lib/slam_robot/srv
[0.697s] creating /home/viswaa888/maze_robot_ws/build/slam_robot/build/lib/slam_robot/msg
[0.697s] copying slam_robot/msg/__init__.py -> /home/viswaa888/maze_robot_ws/build/slam_robot/build/lib/slam_robot/msg
[0.697s] running install
[0.697s] running install_lib
[0.698s] creating /home/viswaa888/maze_robot_ws/install/slam_robot/lib/python3.10/site-packages/slam_robot
[0.698s] copying /home/viswaa888/maze_robot_ws/build/slam_robot/build/lib/slam_robot/frontier_utils.py -> /home/viswaa888/maze_robot_ws/install/slam_robot/lib/python3.10/site-packages/slam_robot
[0.698s] copying /home/viswaa888/maze_robot_ws/build/slam_robot/build/lib/slam_robot/frontier_detection.py -> /home/viswaa888/maze_robot_ws/install/slam_robot/lib/python3.10/site-packages/slam_robot
[0.698s] copying /home/viswaa888/maze_robot_ws/build/slam_robot/build/lib/slam_robot/__init__.py -> /home/viswaa888/maze_robot_ws/install/slam_robot/lib/python3.10/site-packages/slam_robot
[0.698s] copying /home/viswaa888/maze_robot_ws/build/slam_robot/build/lib/slam_robot/frontier_server.py -> /home/viswaa888/maze_robot_ws/install/slam_robot/lib/python3.10/site-packages/slam_robot
[0.698s] creating /home/viswaa888/maze_robot_ws/install/slam_robot/lib/python3.10/site-packages/slam_robot/srv
[0.698s] copying /home/viswaa888/maze_robot_ws/build/slam_robot/build/lib/slam_robot/srv/__init__.py -> /home/viswaa888/maze_robot_ws/install/slam_robot/lib/python3.10/site-packages/slam_robot/srv
[0.698s] copying /home/viswaa888/maze_robot_ws/build/slam_robot/build/lib/slam_robot/frontier_explorer.py -> /home/viswaa888/maze_robot_ws/install/slam_robot/lib/python3.10/site-packages/slam_robot
[0.698s] creating /home/viswaa888/maze_robot_ws/install/slam_robot/lib/python3.10/site-packages/slam_robot/msg
[0.698s] copying /home/viswaa888/maze_robot_ws/build/slam_robot/build/lib/slam_robot/msg/__init__.py -> /home/viswaa888/maze_robot_ws/install/slam_robot/lib/python3.10/site-packages/slam_robot/msg
[0.698s] byte-compiling /home/viswaa888/maze_robot_ws/install/slam_robot/lib/python3.10/site-packages/slam_robot/frontier_utils.py to frontier_utils.cpython-310.pyc
[0.699s] byte-compiling /home/viswaa888/maze_robot_ws/install/slam_robot/lib/python3.10/site-packages/slam_robot/frontier_detection.py to frontier_detection.cpython-310.pyc
[0.699s] byte-compiling /home/viswaa888/maze_robot_ws/install/slam_robot/lib/python3.10/site-packages/slam_robot/__init__.py to __init__.cpython-310.pyc
[0.699s] byte-compiling /home/viswaa888/maze_robot_ws/install/slam_robot/lib/python3.10/site-packages/slam_robot/frontier_server.py to frontier_server.cpython-310.pyc
[0.700s] byte-compiling /home/viswaa888/maze_robot_ws/install/slam_robot/lib/python3.10/site-packages/slam_robot/srv/__init__.py to __init__.cpython-310.pyc
[0.700s] byte-compiling /home/viswaa888/maze_robot_ws/install/slam_robot/lib/python3.10/site-packages/slam_robot/frontier_explorer.py to frontier_explorer.cpython-310.pyc
[0.701s] byte-compiling /home/viswaa888/maze_robot_ws/install/slam_robot/lib/python3.10/site-packages/slam_robot/msg/__init__.py to __init__.cpython-310.pyc
[0.701s] running install_data
[0.701s] copying resource/slam_robot -> /home/viswaa888/maze_robot_ws/install/slam_robot/share/ament_index/resource_index/packages
[0.702s] copying package.xml -> /home/viswaa888/maze_robot_ws/install/slam_robot/share/slam_robot
[0.702s] copying launch/bringup.launch.py -> /home/viswaa888/maze_robot_ws/install/slam_robot/share/slam_robot/launch
[0.702s] copying msg/Frontier.msg -> /home/viswaa888/maze_robot_ws/install/slam_robot/share/slam_robot/msg
[0.702s] copying msg/FrontierList.msg -> /home/viswaa888/maze_robot_ws/install/slam_robot/share/slam_robot/msg
[0.703s] copying srv/GetFrontiers.srv -> /home/viswaa888/maze_robot_ws/install/slam_robot/share/slam_robot/srv
[0.703s] running install_egg_info
[0.704s] Copying ../../build/slam_robot/slam_robot.egg-info to /home/viswaa888/maze_robot_ws/install/slam_robot/lib/python3.10/site-packages/slam_robot-0.0.0-py3.10.egg-info
[0.705s] running install_scripts
[0.717s] Installing frontier_explorer script to /home/viswaa888/maze_robot_ws/install/slam_robot/lib/slam_robot
[0.717s] Installing frontier_server script to /home/viswaa888/maze_robot_ws/install/slam_robot/lib/slam_robot
[0.717s] writing list of installed files to '/home/viswaa888/maze_robot_ws/build/slam_robot/install.log'
[0.730s] Invoked command in '/home/viswaa888/maze_robot_ws/src/slam_robot' returned '0': PYTHONPATH=/home/viswaa888/maze_robot_ws/build/slam_robot/prefix_override:/usr/lib/python3/dist-packages/colcon_core/task/python/colcon_distutils_commands:/home/viswaa888/maze_robot_ws/install/slam_robot/lib/python3.10/site-packages:${PYTHONPATH} /usr/bin/python3 -W ignore:setup.py install is deprecated -W ignore:easy_install command is deprecated setup.py egg_info --egg-base ../../build/slam_robot build --build-base /home/viswaa888/maze_robot_ws/build/slam_robot/build install --record /home/viswaa888/maze_robot_ws/build/slam_robot/install.log --single-version-externally-managed install_data --force
