[0.453s] Invoking command in '/home/viswaa888/maze_robot_ws/build/slam_robot': PYTHONPATH=/home/viswaa888/maze_robot_ws/build/slam_robot/prefix_override:/usr/lib/python3/dist-packages/colcon_core/task/python/colcon_distutils_commands:/home/viswaa888/maze_robot_ws/install/slam_robot/lib/python3.10/site-packages:${PYTHONPATH} /usr/bin/python3 -W ignore:setup.py install is deprecated -W ignore:easy_install command is deprecated setup.py develop --uninstall --editable --build-directory /home/viswaa888/maze_robot_ws/build/slam_robot/build
[0.577s] running develop
[0.655s] Removing /home/viswaa888/maze_robot_ws/install/slam_robot/lib/python3.10/site-packages/slam-robot.egg-link (link to .)
[0.666s] Invoked command in '/home/viswaa888/maze_robot_ws/build/slam_robot' returned '0': PYTHONPATH=/home/viswaa888/maze_robot_ws/build/slam_robot/prefix_override:/usr/lib/python3/dist-packages/colcon_core/task/python/colcon_distutils_commands:/home/viswaa888/maze_robot_ws/install/slam_robot/lib/python3.10/site-packages:${PYTHONPATH} /usr/bin/python3 -W ignore:setup.py install is deprecated -W ignore:easy_install command is deprecated setup.py develop --uninstall --editable --build-directory /home/viswaa888/maze_robot_ws/build/slam_robot/build
[0.668s] Invoking command in '/home/viswaa888/maze_robot_ws/src/slam_robot': PYTHONPATH=/home/viswaa888/maze_robot_ws/build/slam_robot/prefix_override:/usr/lib/python3/dist-packages/colcon_core/task/python/colcon_distutils_commands:/home/viswaa888/maze_robot_ws/install/slam_robot/lib/python3.10/site-packages:${PYTHONPATH} /usr/bin/python3 -W ignore:setup.py install is deprecated -W ignore:easy_install command is deprecated setup.py egg_info --egg-base ../../build/slam_robot build --build-base /home/viswaa888/maze_robot_ws/build/slam_robot/build install --record /home/viswaa888/maze_robot_ws/build/slam_robot/install.log --single-version-externally-managed install_data --force
[0.779s] running egg_info
[0.780s] writing ../../build/slam_robot/slam_robot.egg-info/PKG-INFO
[0.780s] writing dependency_links to ../../build/slam_robot/slam_robot.egg-info/dependency_links.txt
[0.780s] writing entry points to ../../build/slam_robot/slam_robot.egg-info/entry_points.txt
[0.780s] writing requirements to ../../build/slam_robot/slam_robot.egg-info/requires.txt
[0.780s] writing top-level names to ../../build/slam_robot/slam_robot.egg-info/top_level.txt
[0.781s] reading manifest file '../../build/slam_robot/slam_robot.egg-info/SOURCES.txt'
[0.789s] adding license file 'LICENSE'
[0.790s] writing manifest file '../../build/slam_robot/slam_robot.egg-info/SOURCES.txt'
[0.790s] running build
[0.790s] running build_py
[0.791s] running install
[0.791s] running install_lib
[0.791s] creating /home/viswaa888/maze_robot_ws/install/slam_robot/lib/python3.10/site-packages/slam_robot
[0.791s] copying /home/viswaa888/maze_robot_ws/build/slam_robot/build/lib/slam_robot/frontier_utils.py -> /home/viswaa888/maze_robot_ws/install/slam_robot/lib/python3.10/site-packages/slam_robot
[0.791s] copying /home/viswaa888/maze_robot_ws/build/slam_robot/build/lib/slam_robot/frontier_detection.py -> /home/viswaa888/maze_robot_ws/install/slam_robot/lib/python3.10/site-packages/slam_robot
[0.791s] copying /home/viswaa888/maze_robot_ws/build/slam_robot/build/lib/slam_robot/__init__.py -> /home/viswaa888/maze_robot_ws/install/slam_robot/lib/python3.10/site-packages/slam_robot
[0.791s] copying /home/viswaa888/maze_robot_ws/build/slam_robot/build/lib/slam_robot/frontier_server.py -> /home/viswaa888/maze_robot_ws/install/slam_robot/lib/python3.10/site-packages/slam_robot
[0.792s] creating /home/viswaa888/maze_robot_ws/install/slam_robot/lib/python3.10/site-packages/slam_robot/srv
[0.792s] copying /home/viswaa888/maze_robot_ws/build/slam_robot/build/lib/slam_robot/srv/__init__.py -> /home/viswaa888/maze_robot_ws/install/slam_robot/lib/python3.10/site-packages/slam_robot/srv
[0.792s] copying /home/viswaa888/maze_robot_ws/build/slam_robot/build/lib/slam_robot/frontier_explorer.py -> /home/viswaa888/maze_robot_ws/install/slam_robot/lib/python3.10/site-packages/slam_robot
[0.792s] creating /home/viswaa888/maze_robot_ws/install/slam_robot/lib/python3.10/site-packages/slam_robot/msg
[0.792s] copying /home/viswaa888/maze_robot_ws/build/slam_robot/build/lib/slam_robot/msg/__init__.py -> /home/viswaa888/maze_robot_ws/install/slam_robot/lib/python3.10/site-packages/slam_robot/msg
[0.792s] byte-compiling /home/viswaa888/maze_robot_ws/install/slam_robot/lib/python3.10/site-packages/slam_robot/frontier_utils.py to frontier_utils.cpython-310.pyc
[0.793s] byte-compiling /home/viswaa888/maze_robot_ws/install/slam_robot/lib/python3.10/site-packages/slam_robot/frontier_detection.py to frontier_detection.cpython-310.pyc
[0.793s] byte-compiling /home/viswaa888/maze_robot_ws/install/slam_robot/lib/python3.10/site-packages/slam_robot/__init__.py to __init__.cpython-310.pyc
[0.793s] byte-compiling /home/viswaa888/maze_robot_ws/install/slam_robot/lib/python3.10/site-packages/slam_robot/frontier_server.py to frontier_server.cpython-310.pyc
[0.794s] byte-compiling /home/viswaa888/maze_robot_ws/install/slam_robot/lib/python3.10/site-packages/slam_robot/srv/__init__.py to __init__.cpython-310.pyc
[0.794s] byte-compiling /home/viswaa888/maze_robot_ws/install/slam_robot/lib/python3.10/site-packages/slam_robot/frontier_explorer.py to frontier_explorer.cpython-310.pyc
[0.795s] byte-compiling /home/viswaa888/maze_robot_ws/install/slam_robot/lib/python3.10/site-packages/slam_robot/msg/__init__.py to __init__.cpython-310.pyc
[0.795s] running install_data
[0.795s] copying resource/slam_robot -> /home/viswaa888/maze_robot_ws/install/slam_robot/share/ament_index/resource_index/packages
[0.795s] copying package.xml -> /home/viswaa888/maze_robot_ws/install/slam_robot/share/slam_robot
[0.795s] copying launch/bringup.launch.py -> /home/viswaa888/maze_robot_ws/install/slam_robot/share/slam_robot/launch
[0.796s] copying msg/Frontier.msg -> /home/viswaa888/maze_robot_ws/install/slam_robot/share/slam_robot/msg
[0.796s] copying msg/FrontierList.msg -> /home/viswaa888/maze_robot_ws/install/slam_robot/share/slam_robot/msg
[0.796s] copying srv/GetFrontiers.srv -> /home/viswaa888/maze_robot_ws/install/slam_robot/share/slam_robot/srv
[0.797s] running install_egg_info
[0.798s] Copying ../../build/slam_robot/slam_robot.egg-info to /home/viswaa888/maze_robot_ws/install/slam_robot/lib/python3.10/site-packages/slam_robot-0.0.0-py3.10.egg-info
[0.799s] running install_scripts
[0.809s] Installing frontier_explorer script to /home/viswaa888/maze_robot_ws/install/slam_robot/lib/slam_robot
[0.809s] Installing frontier_server script to /home/viswaa888/maze_robot_ws/install/slam_robot/lib/slam_robot
[0.809s] writing list of installed files to '/home/viswaa888/maze_robot_ws/build/slam_robot/install.log'
[0.821s] Invoked command in '/home/viswaa888/maze_robot_ws/src/slam_robot' returned '0': PYTHONPATH=/home/viswaa888/maze_robot_ws/build/slam_robot/prefix_override:/usr/lib/python3/dist-packages/colcon_core/task/python/colcon_distutils_commands:/home/viswaa888/maze_robot_ws/install/slam_robot/lib/python3.10/site-packages:${PYTHONPATH} /usr/bin/python3 -W ignore:setup.py install is deprecated -W ignore:easy_install command is deprecated setup.py egg_info --egg-base ../../build/slam_robot build --build-base /home/viswaa888/maze_robot_ws/build/slam_robot/build install --record /home/viswaa888/maze_robot_ws/build/slam_robot/install.log --single-version-externally-managed install_data --force
